[2019-03-30 08:02:36] [ERROR] [org.apache.catalina.core.ContainerBase.[Tomcat].[localhost].[/].[dispatcherServlet]:175] -- Servlet.service() for servlet [dispatcherServlet] in context with path [] threw exception [Handler dispatch failed; nested exception is java.lang.StackOverflowError] with root cause
java.lang.StackOverflowError: null
	at java.util.Arrays.copyOf(Arrays.java:3181)
	at java.util.ArrayList.grow(ArrayList.java:265)
	at java.util.ArrayList.ensureExplicitCapacity(ArrayList.java:239)
	at java.util.ArrayList.ensureCapacityInternal(ArrayList.java:231)
	at java.util.ArrayList.add(ArrayList.java:462)
	at com.hr.controller.ItemController.cookie(ItemController.java:21)
	at com.hr.controller.ItemController.cookie(ItemController.java:22)
	at com.hr.controller.ItemController.cookie(ItemController.java:22)
	at com.hr.controller.ItemController.cookie(ItemController.java:22)
	at com.hr.controller.ItemController.cookie(ItemController.java:22)
	at com.hr.controller.ItemController.cookie(ItemController.java:22)
	at com.hr.controller.ItemController.cookie(ItemController.java:22)
	at com.hr.controller.ItemController.cookie(ItemController.java:22)
	at com.hr.controller.ItemController.cookie(ItemController.java:22)
	at com.hr.controller.ItemController.cookie(ItemController.java:22)
	at com.hr.controller.ItemController.cookie(ItemController.java:22)
	at com.hr.controller.ItemController.cookie(ItemController.java:22)
	at com.hr.controller.ItemController.cookie(ItemController.java:22)
	at com.hr.controller.ItemController.cookie(ItemController.java:22)
	at com.hr.controller.ItemController.cookie(ItemController.java:22)
	at com.hr.controller.ItemController.cookie(ItemController.java:22)
	at com.hr.controller.ItemController.cookie(ItemController.java:22)
	at com.hr.controller.ItemController.cookie(ItemController.java:22)
	at com.hr.controller.ItemController.cookie(ItemController.java:22)
	at com.hr.controller.ItemController.cookie(ItemController.java:22)
	at com.hr.controller.ItemController.cookie(ItemController.java:22)
	at com.hr.controller.ItemController.cookie(ItemController.java:22)
	at com.hr.controller.ItemController.cookie(ItemController.java:22)
	at com.hr.controller.ItemController.cookie(ItemController.java:22)
	at com.hr.controller.ItemController.cookie(ItemController.java:22)
	at com.hr.controller.ItemController.cookie(ItemController.java:22)
	at com.hr.controller.ItemController.cookie(ItemController.java:22)
	at com.hr.controller.ItemController.cookie(ItemController.java:22)
	at com.hr.controller.ItemController.cookie(ItemController.java:22)
	at com.hr.controller.ItemController.cookie(ItemController.java:22)
	at com.hr.controller.ItemController.cookie(ItemController.java:22)
	at com.hr.controller.ItemController.cookie(ItemController.java:22)
	at com.hr.controller.ItemController.cookie(ItemController.java:22)
	at com.hr.controller.ItemController.cookie(ItemController.java:22)
	at com.hr.controller.ItemController.cookie(ItemController.java:22)
	at com.hr.controller.ItemController.cookie(ItemController.java:22)
	at com.hr.controller.ItemController.cookie(ItemController.java:22)
	at com.hr.controller.ItemController.cookie(ItemController.java:22)
	at com.hr.controller.ItemController.cookie(ItemController.java:22)
	at com.hr.controller.ItemController.cookie(ItemController.java:22)
	at com.hr.controller.ItemController.cookie(ItemController.java:22)
	at com.hr.controller.ItemController.cookie(ItemController.java:22)
	at com.hr.controller.ItemController.cookie(ItemController.java:22)
	at com.hr.controller.ItemController.cookie(ItemController.java:22)
	at com.hr.controller.ItemController.cookie(ItemController.java:22)
	at com.hr.controller.ItemController.cookie(ItemController.java:22)
	at com.hr.controller.ItemController.cookie(ItemController.java:22)
	at com.hr.controller.ItemController.cookie(ItemController.java:22)
	at com.hr.controller.ItemController.cookie(ItemController.java:22)
	at com.hr.controller.ItemController.cookie(ItemController.java:22)
	at com.hr.controller.ItemController.cookie(ItemController.java:22)
	at com.hr.controller.ItemController.cookie(ItemController.java:22)
	at com.hr.controller.ItemController.cookie(ItemController.java:22)
	at com.hr.controller.ItemController.cookie(ItemController.java:22)
	at com.hr.controller.ItemController.cookie(ItemController.java:22)
	at com.hr.controller.ItemController.cookie(ItemController.java:22)
	at com.hr.controller.ItemController.cookie(ItemController.java:22)
	at com.hr.controller.ItemController.cookie(ItemController.java:22)
	at com.hr.controller.ItemController.cookie(ItemController.java:22)
	at com.hr.controller.ItemController.cookie(ItemController.java:22)
	at com.hr.controller.ItemController.cookie(ItemController.java:22)
	at com.hr.controller.ItemController.cookie(ItemController.java:22)
	at com.hr.controller.ItemController.cookie(ItemController.java:22)
	at com.hr.controller.ItemController.cookie(ItemController.java:22)
	at com.hr.controller.ItemController.cookie(ItemController.java:22)
	at com.hr.controller.ItemController.cookie(ItemController.java:22)
	at com.hr.controller.ItemController.cookie(ItemController.java:22)
	at com.hr.controller.ItemController.cookie(ItemController.java:22)
	at com.hr.controller.ItemController.cookie(ItemController.java:22)
	at com.hr.controller.ItemController.cookie(ItemController.java:22)
	at com.hr.controller.ItemController.cookie(ItemController.java:22)
	at com.hr.controller.ItemController.cookie(ItemController.java:22)
	at com.hr.controller.ItemController.cookie(ItemController.java:22)
	at com.hr.controller.ItemController.cookie(ItemController.java:22)
	at com.hr.controller.ItemController.cookie(ItemController.java:22)
	at com.hr.controller.ItemController.cookie(ItemController.java:22)
	at com.hr.controller.ItemController.cookie(ItemController.java:22)
	at com.hr.controller.ItemController.cookie(ItemController.java:22)
	at com.hr.controller.ItemController.cookie(ItemController.java:22)
	at com.hr.controller.ItemController.cookie(ItemController.java:22)
	at com.hr.controller.ItemController.cookie(ItemController.java:22)
	at com.hr.controller.ItemController.cookie(ItemController.java:22)
	at com.hr.controller.ItemController.cookie(ItemController.java:22)
	at com.hr.controller.ItemController.cookie(ItemController.java:22)
	at com.hr.controller.ItemController.cookie(ItemController.java:22)
	at com.hr.controller.ItemController.cookie(ItemController.java:22)
	at com.hr.controller.ItemController.cookie(ItemController.java:22)
	at com.hr.controller.ItemController.cookie(ItemController.java:22)
	at com.hr.controller.ItemController.cookie(ItemController.java:22)
	at com.hr.controller.ItemController.cookie(ItemController.java:22)
	at com.hr.controller.ItemController.cookie(ItemController.java:22)
	at com.hr.controller.ItemController.cookie(ItemController.java:22)
	at com.hr.controller.ItemController.cookie(ItemController.java:22)
	at com.hr.controller.ItemController.cookie(ItemController.java:22)
	at com.hr.controller.ItemController.cookie(ItemController.java:22)
	at com.hr.controller.ItemController.cookie(ItemController.java:22)
	at com.hr.controller.ItemController.cookie(ItemController.java:22)
	at com.hr.controller.ItemController.cookie(ItemController.java:22)
	at com.hr.controller.ItemController.cookie(ItemController.java:22)
	at com.hr.controller.ItemController.cookie(ItemController.java:22)
	at com.hr.controller.ItemController.cookie(ItemController.java:22)
	at com.hr.controller.ItemController.cookie(ItemController.java:22)
	at com.hr.controller.ItemController.cookie(ItemController.java:22)
	at com.hr.controller.ItemController.cookie(ItemController.java:22)
	at com.hr.controller.ItemController.cookie(ItemController.java:22)
	at com.hr.controller.ItemController.cookie(ItemController.java:22)
	at com.hr.controller.ItemController.cookie(ItemController.java:22)
	at com.hr.controller.ItemController.cookie(ItemController.java:22)
	at com.hr.controller.ItemController.cookie(ItemController.java:22)
	at com.hr.controller.ItemController.cookie(ItemController.java:22)
	at com.hr.controller.ItemController.cookie(ItemController.java:22)
	at com.hr.controller.ItemController.cookie(ItemController.java:22)
	at com.hr.controller.ItemController.cookie(ItemController.java:22)
	at com.hr.controller.ItemController.cookie(ItemController.java:22)
	at com.hr.controller.ItemController.cookie(ItemController.java:22)
	at com.hr.controller.ItemController.cookie(ItemController.java:22)
	at com.hr.controller.ItemController.cookie(ItemController.java:22)
	at com.hr.controller.ItemController.cookie(ItemController.java:22)
	at com.hr.controller.ItemController.cookie(ItemController.java:22)
	at com.hr.controller.ItemController.cookie(ItemController.java:22)
	at com.hr.controller.ItemController.cookie(ItemController.java:22)
	at com.hr.controller.ItemController.cookie(ItemController.java:22)
	at com.hr.controller.ItemController.cookie(ItemController.java:22)
	at com.hr.controller.ItemController.cookie(ItemController.java:22)
	at com.hr.controller.ItemController.cookie(ItemController.java:22)
	at com.hr.controller.ItemController.cookie(ItemController.java:22)
	at com.hr.controller.ItemController.cookie(ItemController.java:22)
	at com.hr.controller.ItemController.cookie(ItemController.java:22)
	at com.hr.controller.ItemController.cookie(ItemController.java:22)
	at com.hr.controller.ItemController.cookie(ItemController.java:22)
	at com.hr.controller.ItemController.cookie(ItemController.java:22)
	at com.hr.controller.ItemController.cookie(ItemController.java:22)
	at com.hr.controller.ItemController.cookie(ItemController.java:22)
	at com.hr.controller.ItemController.cookie(ItemController.java:22)
	at com.hr.controller.ItemController.cookie(ItemController.java:22)
	at com.hr.controller.ItemController.cookie(ItemController.java:22)
	at com.hr.controller.ItemController.cookie(ItemController.java:22)
	at com.hr.controller.ItemController.cookie(ItemController.java:22)
	at com.hr.controller.ItemController.cookie(ItemController.java:22)
	at com.hr.controller.ItemController.cookie(ItemController.java:22)
	at com.hr.controller.ItemController.cookie(ItemController.java:22)
	at com.hr.controller.ItemController.cookie(ItemController.java:22)
	at com.hr.controller.ItemController.cookie(ItemController.java:22)
	at com.hr.controller.ItemController.cookie(ItemController.java:22)
	at com.hr.controller.ItemController.cookie(ItemController.java:22)
	at com.hr.controller.ItemController.cookie(ItemController.java:22)
	at com.hr.controller.ItemController.cookie(ItemController.java:22)
	at com.hr.controller.ItemController.cookie(ItemController.java:22)
	at com.hr.controller.ItemController.cookie(ItemController.java:22)
	at com.hr.controller.ItemController.cookie(ItemController.java:22)
	at com.hr.controller.ItemController.cookie(ItemController.java:22)
	at com.hr.controller.ItemController.cookie(ItemController.java:22)
	at com.hr.controller.ItemController.cookie(ItemController.java:22)
	at com.hr.controller.ItemController.cookie(ItemController.java:22)
	at com.hr.controller.ItemController.cookie(ItemController.java:22)
	at com.hr.controller.ItemController.cookie(ItemController.java:22)
	at com.hr.controller.ItemController.cookie(ItemController.java:22)
	at com.hr.controller.ItemController.cookie(ItemController.java:22)
	at com.hr.controller.ItemController.cookie(ItemController.java:22)
	at com.hr.controller.ItemController.cookie(ItemController.java:22)
	at com.hr.controller.ItemController.cookie(ItemController.java:22)
	at com.hr.controller.ItemController.cookie(ItemController.java:22)
	at com.hr.controller.ItemController.cookie(ItemController.java:22)
	at com.hr.controller.ItemController.cookie(ItemController.java:22)
	at com.hr.controller.ItemController.cookie(ItemController.java:22)
	at com.hr.controller.ItemController.cookie(ItemController.java:22)
	at com.hr.controller.ItemController.cookie(ItemController.java:22)
	at com.hr.controller.ItemController.cookie(ItemController.java:22)
	at com.hr.controller.ItemController.cookie(ItemController.java:22)
	at com.hr.controller.ItemController.cookie(ItemController.java:22)
	at com.hr.controller.ItemController.cookie(ItemController.java:22)
	at com.hr.controller.ItemController.cookie(ItemController.java:22)
	at com.hr.controller.ItemController.cookie(ItemController.java:22)
	at com.hr.controller.ItemController.cookie(ItemController.java:22)
	at com.hr.controller.ItemController.cookie(ItemController.java:22)
	at com.hr.controller.ItemController.cookie(ItemController.java:22)
	at com.hr.controller.ItemController.cookie(ItemController.java:22)
	at com.hr.controller.ItemController.cookie(ItemController.java:22)
	at com.hr.controller.ItemController.cookie(ItemController.java:22)
	at com.hr.controller.ItemController.cookie(ItemController.java:22)
	at com.hr.controller.ItemController.cookie(ItemController.java:22)
	at com.hr.controller.ItemController.cookie(ItemController.java:22)
	at com.hr.controller.ItemController.cookie(ItemController.java:22)
	at com.hr.controller.ItemController.cookie(ItemController.java:22)
	at com.hr.controller.ItemController.cookie(ItemController.java:22)
	at com.hr.controller.ItemController.cookie(ItemController.java:22)
	at com.hr.controller.ItemController.cookie(ItemController.java:22)
	at com.hr.controller.ItemController.cookie(ItemController.java:22)
	at com.hr.controller.ItemController.cookie(ItemController.java:22)
	at com.hr.controller.ItemController.cookie(ItemController.java:22)
	at com.hr.controller.ItemController.cookie(ItemController.java:22)
	at com.hr.controller.ItemController.cookie(ItemController.java:22)
	at com.hr.controller.ItemController.cookie(ItemController.java:22)
	at com.hr.controller.ItemController.cookie(ItemController.java:22)
	at com.hr.controller.ItemController.cookie(ItemController.java:22)
	at com.hr.controller.ItemController.cookie(ItemController.java:22)
	at com.hr.controller.ItemController.cookie(ItemController.java:22)
	at com.hr.controller.ItemController.cookie(ItemController.java:22)
	at com.hr.controller.ItemController.cookie(ItemController.java:22)
	at com.hr.controller.ItemController.cookie(ItemController.java:22)
	at com.hr.controller.ItemController.cookie(ItemController.java:22)
	at com.hr.controller.ItemController.cookie(ItemController.java:22)
	at com.hr.controller.ItemController.cookie(ItemController.java:22)
	at com.hr.controller.ItemController.cookie(ItemController.java:22)
	at com.hr.controller.ItemController.cookie(ItemController.java:22)
	at com.hr.controller.ItemController.cookie(ItemController.java:22)
	at com.hr.controller.ItemController.cookie(ItemController.java:22)
	at com.hr.controller.ItemController.cookie(ItemController.java:22)
	at com.hr.controller.ItemController.cookie(ItemController.java:22)
	at com.hr.controller.ItemController.cookie(ItemController.java:22)
	at com.hr.controller.ItemController.cookie(ItemController.java:22)
	at com.hr.controller.ItemController.cookie(ItemController.java:22)
	at com.hr.controller.ItemController.cookie(ItemController.java:22)
	at com.hr.controller.ItemController.cookie(ItemController.java:22)
	at com.hr.controller.ItemController.cookie(ItemController.java:22)
	at com.hr.controller.ItemController.cookie(ItemController.java:22)
	at com.hr.controller.ItemController.cookie(ItemController.java:22)
	at com.hr.controller.ItemController.cookie(ItemController.java:22)
	at com.hr.controller.ItemController.cookie(ItemController.java:22)
	at com.hr.controller.ItemController.cookie(ItemController.java:22)
	at com.hr.controller.ItemController.cookie(ItemController.java:22)
	at com.hr.controller.ItemController.cookie(ItemController.java:22)
	at com.hr.controller.ItemController.cookie(ItemController.java:22)
	at com.hr.controller.ItemController.cookie(ItemController.java:22)
	at com.hr.controller.ItemController.cookie(ItemController.java:22)
	at com.hr.controller.ItemController.cookie(ItemController.java:22)
	at com.hr.controller.ItemController.cookie(ItemController.java:22)
	at com.hr.controller.ItemController.cookie(ItemController.java:22)
	at com.hr.controller.ItemController.cookie(ItemController.java:22)
	at com.hr.controller.ItemController.cookie(ItemController.java:22)
	at com.hr.controller.ItemController.cookie(ItemController.java:22)
	at com.hr.controller.ItemController.cookie(ItemController.java:22)
	at com.hr.controller.ItemController.cookie(ItemController.java:22)
	at com.hr.controller.ItemController.cookie(ItemController.java:22)
	at com.hr.controller.ItemController.cookie(ItemController.java:22)
	at com.hr.controller.ItemController.cookie(ItemController.java:22)
	at com.hr.controller.ItemController.cookie(ItemController.java:22)
	at com.hr.controller.ItemController.cookie(ItemController.java:22)
	at com.hr.controller.ItemController.cookie(ItemController.java:22)
	at com.hr.controller.ItemController.cookie(ItemController.java:22)
	at com.hr.controller.ItemController.cookie(ItemController.java:22)
	at com.hr.controller.ItemController.cookie(ItemController.java:22)
	at com.hr.controller.ItemController.cookie(ItemController.java:22)
	at com.hr.controller.ItemController.cookie(ItemController.java:22)
	at com.hr.controller.ItemController.cookie(ItemController.java:22)
	at com.hr.controller.ItemController.cookie(ItemController.java:22)
	at com.hr.controller.ItemController.cookie(ItemController.java:22)
	at com.hr.controller.ItemController.cookie(ItemController.java:22)
	at com.hr.controller.ItemController.cookie(ItemController.java:22)
	at com.hr.controller.ItemController.cookie(ItemController.java:22)
	at com.hr.controller.ItemController.cookie(ItemController.java:22)
	at com.hr.controller.ItemController.cookie(ItemController.java:22)
	at com.hr.controller.ItemController.cookie(ItemController.java:22)
	at com.hr.controller.ItemController.cookie(ItemController.java:22)
	at com.hr.controller.ItemController.cookie(ItemController.java:22)
	at com.hr.controller.ItemController.cookie(ItemController.java:22)
	at com.hr.controller.ItemController.cookie(ItemController.java:22)
	at com.hr.controller.ItemController.cookie(ItemController.java:22)
	at com.hr.controller.ItemController.cookie(ItemController.java:22)
	at com.hr.controller.ItemController.cookie(ItemController.java:22)
	at com.hr.controller.ItemController.cookie(ItemController.java:22)
	at com.hr.controller.ItemController.cookie(ItemController.java:22)
	at com.hr.controller.ItemController.cookie(ItemController.java:22)
	at com.hr.controller.ItemController.cookie(ItemController.java:22)
	at com.hr.controller.ItemController.cookie(ItemController.java:22)
	at com.hr.controller.ItemController.cookie(ItemController.java:22)
	at com.hr.controller.ItemController.cookie(ItemController.java:22)
	at com.hr.controller.ItemController.cookie(ItemController.java:22)
	at com.hr.controller.ItemController.cookie(ItemController.java:22)
	at com.hr.controller.ItemController.cookie(ItemController.java:22)
	at com.hr.controller.ItemController.cookie(ItemController.java:22)
	at com.hr.controller.ItemController.cookie(ItemController.java:22)
	at com.hr.controller.ItemController.cookie(ItemController.java:22)
	at com.hr.controller.ItemController.cookie(ItemController.java:22)
	at com.hr.controller.ItemController.cookie(ItemController.java:22)
	at com.hr.controller.ItemController.cookie(ItemController.java:22)
	at com.hr.controller.ItemController.cookie(ItemController.java:22)
	at com.hr.controller.ItemController.cookie(ItemController.java:22)
	at com.hr.controller.ItemController.cookie(ItemController.java:22)
	at com.hr.controller.ItemController.cookie(ItemController.java:22)
	at com.hr.controller.ItemController.cookie(ItemController.java:22)
	at com.hr.controller.ItemController.cookie(ItemController.java:22)
	at com.hr.controller.ItemController.cookie(ItemController.java:22)
	at com.hr.controller.ItemController.cookie(ItemController.java:22)
	at com.hr.controller.ItemController.cookie(ItemController.java:22)
	at com.hr.controller.ItemController.cookie(ItemController.java:22)
	at com.hr.controller.ItemController.cookie(ItemController.java:22)
	at com.hr.controller.ItemController.cookie(ItemController.java:22)
	at com.hr.controller.ItemController.cookie(ItemController.java:22)
	at com.hr.controller.ItemController.cookie(ItemController.java:22)
	at com.hr.controller.ItemController.cookie(ItemController.java:22)
	at com.hr.controller.ItemController.cookie(ItemController.java:22)
	at com.hr.controller.ItemController.cookie(ItemController.java:22)
	at com.hr.controller.ItemController.cookie(ItemController.java:22)
	at com.hr.controller.ItemController.cookie(ItemController.java:22)
	at com.hr.controller.ItemController.cookie(ItemController.java:22)
	at com.hr.controller.ItemController.cookie(ItemController.java:22)
	at com.hr.controller.ItemController.cookie(ItemController.java:22)
	at com.hr.controller.ItemController.cookie(ItemController.java:22)
	at com.hr.controller.ItemController.cookie(ItemController.java:22)
	at com.hr.controller.ItemController.cookie(ItemController.java:22)
	at com.hr.controller.ItemController.cookie(ItemController.java:22)
	at com.hr.controller.ItemController.cookie(ItemController.java:22)
	at com.hr.controller.ItemController.cookie(ItemController.java:22)
	at com.hr.controller.ItemController.cookie(ItemController.java:22)
	at com.hr.controller.ItemController.cookie(ItemController.java:22)
	at com.hr.controller.ItemController.cookie(ItemController.java:22)
	at com.hr.controller.ItemController.cookie(ItemController.java:22)
	at com.hr.controller.ItemController.cookie(ItemController.java:22)
	at com.hr.controller.ItemController.cookie(ItemController.java:22)
	at com.hr.controller.ItemController.cookie(ItemController.java:22)
	at com.hr.controller.ItemController.cookie(ItemController.java:22)
	at com.hr.controller.ItemController.cookie(ItemController.java:22)
	at com.hr.controller.ItemController.cookie(ItemController.java:22)
	at com.hr.controller.ItemController.cookie(ItemController.java:22)
	at com.hr.controller.ItemController.cookie(ItemController.java:22)
	at com.hr.controller.ItemController.cookie(ItemController.java:22)
	at com.hr.controller.ItemController.cookie(ItemController.java:22)
	at com.hr.controller.ItemController.cookie(ItemController.java:22)
	at com.hr.controller.ItemController.cookie(ItemController.java:22)
	at com.hr.controller.ItemController.cookie(ItemController.java:22)
	at com.hr.controller.ItemController.cookie(ItemController.java:22)
	at com.hr.controller.ItemController.cookie(ItemController.java:22)
	at com.hr.controller.ItemController.cookie(ItemController.java:22)
	at com.hr.controller.ItemController.cookie(ItemController.java:22)
	at com.hr.controller.ItemController.cookie(ItemController.java:22)
	at com.hr.controller.ItemController.cookie(ItemController.java:22)
	at com.hr.controller.ItemController.cookie(ItemController.java:22)
	at com.hr.controller.ItemController.cookie(ItemController.java:22)
	at com.hr.controller.ItemController.cookie(ItemController.java:22)
	at com.hr.controller.ItemController.cookie(ItemController.java:22)
	at com.hr.controller.ItemController.cookie(ItemController.java:22)
	at com.hr.controller.ItemController.cookie(ItemController.java:22)
	at com.hr.controller.ItemController.cookie(ItemController.java:22)
	at com.hr.controller.ItemController.cookie(ItemController.java:22)
	at com.hr.controller.ItemController.cookie(ItemController.java:22)
	at com.hr.controller.ItemController.cookie(ItemController.java:22)
	at com.hr.controller.ItemController.cookie(ItemController.java:22)
	at com.hr.controller.ItemController.cookie(ItemController.java:22)
	at com.hr.controller.ItemController.cookie(ItemController.java:22)
	at com.hr.controller.ItemController.cookie(ItemController.java:22)
	at com.hr.controller.ItemController.cookie(ItemController.java:22)
	at com.hr.controller.ItemController.cookie(ItemController.java:22)
	at com.hr.controller.ItemController.cookie(ItemController.java:22)
	at com.hr.controller.ItemController.cookie(ItemController.java:22)
	at com.hr.controller.ItemController.cookie(ItemController.java:22)
	at com.hr.controller.ItemController.cookie(ItemController.java:22)
	at com.hr.controller.ItemController.cookie(ItemController.java:22)
	at com.hr.controller.ItemController.cookie(ItemController.java:22)
	at com.hr.controller.ItemController.cookie(ItemController.java:22)
	at com.hr.controller.ItemController.cookie(ItemController.java:22)
	at com.hr.controller.ItemController.cookie(ItemController.java:22)
	at com.hr.controller.ItemController.cookie(ItemController.java:22)
	at com.hr.controller.ItemController.cookie(ItemController.java:22)
	at com.hr.controller.ItemController.cookie(ItemController.java:22)
	at com.hr.controller.ItemController.cookie(ItemController.java:22)
	at com.hr.controller.ItemController.cookie(ItemController.java:22)
	at com.hr.controller.ItemController.cookie(ItemController.java:22)
	at com.hr.controller.ItemController.cookie(ItemController.java:22)
	at com.hr.controller.ItemController.cookie(ItemController.java:22)
	at com.hr.controller.ItemController.cookie(ItemController.java:22)
	at com.hr.controller.ItemController.cookie(ItemController.java:22)
	at com.hr.controller.ItemController.cookie(ItemController.java:22)
	at com.hr.controller.ItemController.cookie(ItemController.java:22)
	at com.hr.controller.ItemController.cookie(ItemController.java:22)
	at com.hr.controller.ItemController.cookie(ItemController.java:22)
	at com.hr.controller.ItemController.cookie(ItemController.java:22)
	at com.hr.controller.ItemController.cookie(ItemController.java:22)
	at com.hr.controller.ItemController.cookie(ItemController.java:22)
	at com.hr.controller.ItemController.cookie(ItemController.java:22)
	at com.hr.controller.ItemController.cookie(ItemController.java:22)
	at com.hr.controller.ItemController.cookie(ItemController.java:22)
	at com.hr.controller.ItemController.cookie(ItemController.java:22)
	at com.hr.controller.ItemController.cookie(ItemController.java:22)
	at com.hr.controller.ItemController.cookie(ItemController.java:22)
	at com.hr.controller.ItemController.cookie(ItemController.java:22)
	at com.hr.controller.ItemController.cookie(ItemController.java:22)
	at com.hr.controller.ItemController.cookie(ItemController.java:22)
	at com.hr.controller.ItemController.cookie(ItemController.java:22)
	at com.hr.controller.ItemController.cookie(ItemController.java:22)
	at com.hr.controller.ItemController.cookie(ItemController.java:22)
	at com.hr.controller.ItemController.cookie(ItemController.java:22)
	at com.hr.controller.ItemController.cookie(ItemController.java:22)
	at com.hr.controller.ItemController.cookie(ItemController.java:22)
	at com.hr.controller.ItemController.cookie(ItemController.java:22)
	at com.hr.controller.ItemController.cookie(ItemController.java:22)
	at com.hr.controller.ItemController.cookie(ItemController.java:22)
	at com.hr.controller.ItemController.cookie(ItemController.java:22)
	at com.hr.controller.ItemController.cookie(ItemController.java:22)
	at com.hr.controller.ItemController.cookie(ItemController.java:22)
	at com.hr.controller.ItemController.cookie(ItemController.java:22)
	at com.hr.controller.ItemController.cookie(ItemController.java:22)
	at com.hr.controller.ItemController.cookie(ItemController.java:22)
	at com.hr.controller.ItemController.cookie(ItemController.java:22)
	at com.hr.controller.ItemController.cookie(ItemController.java:22)
	at com.hr.controller.ItemController.cookie(ItemController.java:22)
	at com.hr.controller.ItemController.cookie(ItemController.java:22)
	at com.hr.controller.ItemController.cookie(ItemController.java:22)
	at com.hr.controller.ItemController.cookie(ItemController.java:22)
	at com.hr.controller.ItemController.cookie(ItemController.java:22)
	at com.hr.controller.ItemController.cookie(ItemController.java:22)
	at com.hr.controller.ItemController.cookie(ItemController.java:22)
	at com.hr.controller.ItemController.cookie(ItemController.java:22)
	at com.hr.controller.ItemController.cookie(ItemController.java:22)
	at com.hr.controller.ItemController.cookie(ItemController.java:22)
	at com.hr.controller.ItemController.cookie(ItemController.java:22)
	at com.hr.controller.ItemController.cookie(ItemController.java:22)
	at com.hr.controller.ItemController.cookie(ItemController.java:22)
	at com.hr.controller.ItemController.cookie(ItemController.java:22)
	at com.hr.controller.ItemController.cookie(ItemController.java:22)
	at com.hr.controller.ItemController.cookie(ItemController.java:22)
	at com.hr.controller.ItemController.cookie(ItemController.java:22)
	at com.hr.controller.ItemController.cookie(ItemController.java:22)
	at com.hr.controller.ItemController.cookie(ItemController.java:22)
	at com.hr.controller.ItemController.cookie(ItemController.java:22)
	at com.hr.controller.ItemController.cookie(ItemController.java:22)
	at com.hr.controller.ItemController.cookie(ItemController.java:22)
	at com.hr.controller.ItemController.cookie(ItemController.java:22)
	at com.hr.controller.ItemController.cookie(ItemController.java:22)
	at com.hr.controller.ItemController.cookie(ItemController.java:22)
	at com.hr.controller.ItemController.cookie(ItemController.java:22)
	at com.hr.controller.ItemController.cookie(ItemController.java:22)
	at com.hr.controller.ItemController.cookie(ItemController.java:22)
	at com.hr.controller.ItemController.cookie(ItemController.java:22)
	at com.hr.controller.ItemController.cookie(ItemController.java:22)
	at com.hr.controller.ItemController.cookie(ItemController.java:22)
	at com.hr.controller.ItemController.cookie(ItemController.java:22)
	at com.hr.controller.ItemController.cookie(ItemController.java:22)
	at com.hr.controller.ItemController.cookie(ItemController.java:22)
	at com.hr.controller.ItemController.cookie(ItemController.java:22)
	at com.hr.controller.ItemController.cookie(ItemController.java:22)
	at com.hr.controller.ItemController.cookie(ItemController.java:22)
	at com.hr.controller.ItemController.cookie(ItemController.java:22)
	at com.hr.controller.ItemController.cookie(ItemController.java:22)
	at com.hr.controller.ItemController.cookie(ItemController.java:22)
	at com.hr.controller.ItemController.cookie(ItemController.java:22)
	at com.hr.controller.ItemController.cookie(ItemController.java:22)
	at com.hr.controller.ItemController.cookie(ItemController.java:22)
	at com.hr.controller.ItemController.cookie(ItemController.java:22)
	at com.hr.controller.ItemController.cookie(ItemController.java:22)
	at com.hr.controller.ItemController.cookie(ItemController.java:22)
	at com.hr.controller.ItemController.cookie(ItemController.java:22)
	at com.hr.controller.ItemController.cookie(ItemController.java:22)
	at com.hr.controller.ItemController.cookie(ItemController.java:22)
	at com.hr.controller.ItemController.cookie(ItemController.java:22)
	at com.hr.controller.ItemController.cookie(ItemController.java:22)
	at com.hr.controller.ItemController.cookie(ItemController.java:22)
	at com.hr.controller.ItemController.cookie(ItemController.java:22)
	at com.hr.controller.ItemController.cookie(ItemController.java:22)
	at com.hr.controller.ItemController.cookie(ItemController.java:22)
	at com.hr.controller.ItemController.cookie(ItemController.java:22)
	at com.hr.controller.ItemController.cookie(ItemController.java:22)
	at com.hr.controller.ItemController.cookie(ItemController.java:22)
	at com.hr.controller.ItemController.cookie(ItemController.java:22)
	at com.hr.controller.ItemController.cookie(ItemController.java:22)
	at com.hr.controller.ItemController.cookie(ItemController.java:22)
	at com.hr.controller.ItemController.cookie(ItemController.java:22)
	at com.hr.controller.ItemController.cookie(ItemController.java:22)
	at com.hr.controller.ItemController.cookie(ItemController.java:22)
	at com.hr.controller.ItemController.cookie(ItemController.java:22)
	at com.hr.controller.ItemController.cookie(ItemController.java:22)
	at com.hr.controller.ItemController.cookie(ItemController.java:22)
	at com.hr.controller.ItemController.cookie(ItemController.java:22)
	at com.hr.controller.ItemController.cookie(ItemController.java:22)
	at com.hr.controller.ItemController.cookie(ItemController.java:22)
	at com.hr.controller.ItemController.cookie(ItemController.java:22)
	at com.hr.controller.ItemController.cookie(ItemController.java:22)
	at com.hr.controller.ItemController.cookie(ItemController.java:22)
	at com.hr.controller.ItemController.cookie(ItemController.java:22)
	at com.hr.controller.ItemController.cookie(ItemController.java:22)
	at com.hr.controller.ItemController.cookie(ItemController.java:22)
	at com.hr.controller.ItemController.cookie(ItemController.java:22)
	at com.hr.controller.ItemController.cookie(ItemController.java:22)
	at com.hr.controller.ItemController.cookie(ItemController.java:22)
	at com.hr.controller.ItemController.cookie(ItemController.java:22)
	at com.hr.controller.ItemController.cookie(ItemController.java:22)
	at com.hr.controller.ItemController.cookie(ItemController.java:22)
	at com.hr.controller.ItemController.cookie(ItemController.java:22)
	at com.hr.controller.ItemController.cookie(ItemController.java:22)
	at com.hr.controller.ItemController.cookie(ItemController.java:22)
	at com.hr.controller.ItemController.cookie(ItemController.java:22)
	at com.hr.controller.ItemController.cookie(ItemController.java:22)
	at com.hr.controller.ItemController.cookie(ItemController.java:22)
	at com.hr.controller.ItemController.cookie(ItemController.java:22)
	at com.hr.controller.ItemController.cookie(ItemController.java:22)
	at com.hr.controller.ItemController.cookie(ItemController.java:22)
	at com.hr.controller.ItemController.cookie(ItemController.java:22)
	at com.hr.controller.ItemController.cookie(ItemController.java:22)
	at com.hr.controller.ItemController.cookie(ItemController.java:22)
	at com.hr.controller.ItemController.cookie(ItemController.java:22)
	at com.hr.controller.ItemController.cookie(ItemController.java:22)
	at com.hr.controller.ItemController.cookie(ItemController.java:22)
	at com.hr.controller.ItemController.cookie(ItemController.java:22)
	at com.hr.controller.ItemController.cookie(ItemController.java:22)
	at com.hr.controller.ItemController.cookie(ItemController.java:22)
	at com.hr.controller.ItemController.cookie(ItemController.java:22)
	at com.hr.controller.ItemController.cookie(ItemController.java:22)
	at com.hr.controller.ItemController.cookie(ItemController.java:22)
	at com.hr.controller.ItemController.cookie(ItemController.java:22)
	at com.hr.controller.ItemController.cookie(ItemController.java:22)
	at com.hr.controller.ItemController.cookie(ItemController.java:22)
	at com.hr.controller.ItemController.cookie(ItemController.java:22)
	at com.hr.controller.ItemController.cookie(ItemController.java:22)
	at com.hr.controller.ItemController.cookie(ItemController.java:22)
	at com.hr.controller.ItemController.cookie(ItemController.java:22)
	at com.hr.controller.ItemController.cookie(ItemController.java:22)
	at com.hr.controller.ItemController.cookie(ItemController.java:22)
	at com.hr.controller.ItemController.cookie(ItemController.java:22)
	at com.hr.controller.ItemController.cookie(ItemController.java:22)
	at com.hr.controller.ItemController.cookie(ItemController.java:22)
	at com.hr.controller.ItemController.cookie(ItemController.java:22)
	at com.hr.controller.ItemController.cookie(ItemController.java:22)
	at com.hr.controller.ItemController.cookie(ItemController.java:22)
	at com.hr.controller.ItemController.cookie(ItemController.java:22)
	at com.hr.controller.ItemController.cookie(ItemController.java:22)
	at com.hr.controller.ItemController.cookie(ItemController.java:22)
	at com.hr.controller.ItemController.cookie(ItemController.java:22)
	at com.hr.controller.ItemController.cookie(ItemController.java:22)
	at com.hr.controller.ItemController.cookie(ItemController.java:22)
	at com.hr.controller.ItemController.cookie(ItemController.java:22)
	at com.hr.controller.ItemController.cookie(ItemController.java:22)
	at com.hr.controller.ItemController.cookie(ItemController.java:22)
	at com.hr.controller.ItemController.cookie(ItemController.java:22)
	at com.hr.controller.ItemController.cookie(ItemController.java:22)
	at com.hr.controller.ItemController.cookie(ItemController.java:22)
	at com.hr.controller.ItemController.cookie(ItemController.java:22)
	at com.hr.controller.ItemController.cookie(ItemController.java:22)
	at com.hr.controller.ItemController.cookie(ItemController.java:22)
	at com.hr.controller.ItemController.cookie(ItemController.java:22)
	at com.hr.controller.ItemController.cookie(ItemController.java:22)
	at com.hr.controller.ItemController.cookie(ItemController.java:22)
	at com.hr.controller.ItemController.cookie(ItemController.java:22)
	at com.hr.controller.ItemController.cookie(ItemController.java:22)
	at com.hr.controller.ItemController.cookie(ItemController.java:22)
	at com.hr.controller.ItemController.cookie(ItemController.java:22)
	at com.hr.controller.ItemController.cookie(ItemController.java:22)
	at com.hr.controller.ItemController.cookie(ItemController.java:22)
	at com.hr.controller.ItemController.cookie(ItemController.java:22)
	at com.hr.controller.ItemController.cookie(ItemController.java:22)
	at com.hr.controller.ItemController.cookie(ItemController.java:22)
	at com.hr.controller.ItemController.cookie(ItemController.java:22)
	at com.hr.controller.ItemController.cookie(ItemController.java:22)
	at com.hr.controller.ItemController.cookie(ItemController.java:22)
	at com.hr.controller.ItemController.cookie(ItemController.java:22)
	at com.hr.controller.ItemController.cookie(ItemController.java:22)
	at com.hr.controller.ItemController.cookie(ItemController.java:22)
	at com.hr.controller.ItemController.cookie(ItemController.java:22)
	at com.hr.controller.ItemController.cookie(ItemController.java:22)
	at com.hr.controller.ItemController.cookie(ItemController.java:22)
	at com.hr.controller.ItemController.cookie(ItemController.java:22)
	at com.hr.controller.ItemController.cookie(ItemController.java:22)
	at com.hr.controller.ItemController.cookie(ItemController.java:22)
	at com.hr.controller.ItemController.cookie(ItemController.java:22)
	at com.hr.controller.ItemController.cookie(ItemController.java:22)
	at com.hr.controller.ItemController.cookie(ItemController.java:22)
	at com.hr.controller.ItemController.cookie(ItemController.java:22)
	at com.hr.controller.ItemController.cookie(ItemController.java:22)
	at com.hr.controller.ItemController.cookie(ItemController.java:22)
	at com.hr.controller.ItemController.cookie(ItemController.java:22)
	at com.hr.controller.ItemController.cookie(ItemController.java:22)
	at com.hr.controller.ItemController.cookie(ItemController.java:22)
	at com.hr.controller.ItemController.cookie(ItemController.java:22)
	at com.hr.controller.ItemController.cookie(ItemController.java:22)
	at com.hr.controller.ItemController.cookie(ItemController.java:22)
	at com.hr.controller.ItemController.cookie(ItemController.java:22)
	at com.hr.controller.ItemController.cookie(ItemController.java:22)
	at com.hr.controller.ItemController.cookie(ItemController.java:22)
	at com.hr.controller.ItemController.cookie(ItemController.java:22)
	at com.hr.controller.ItemController.cookie(ItemController.java:22)
	at com.hr.controller.ItemController.cookie(ItemController.java:22)
	at com.hr.controller.ItemController.cookie(ItemController.java:22)
	at com.hr.controller.ItemController.cookie(ItemController.java:22)
	at com.hr.controller.ItemController.cookie(ItemController.java:22)
	at com.hr.controller.ItemController.cookie(ItemController.java:22)
	at com.hr.controller.ItemController.cookie(ItemController.java:22)
	at com.hr.controller.ItemController.cookie(ItemController.java:22)
	at com.hr.controller.ItemController.cookie(ItemController.java:22)
	at com.hr.controller.ItemController.cookie(ItemController.java:22)
	at com.hr.controller.ItemController.cookie(ItemController.java:22)
	at com.hr.controller.ItemController.cookie(ItemController.java:22)
	at com.hr.controller.ItemController.cookie(ItemController.java:22)
	at com.hr.controller.ItemController.cookie(ItemController.java:22)
	at com.hr.controller.ItemController.cookie(ItemController.java:22)
	at com.hr.controller.ItemController.cookie(ItemController.java:22)
	at com.hr.controller.ItemController.cookie(ItemController.java:22)
	at com.hr.controller.ItemController.cookie(ItemController.java:22)
	at com.hr.controller.ItemController.cookie(ItemController.java:22)
	at com.hr.controller.ItemController.cookie(ItemController.java:22)
	at com.hr.controller.ItemController.cookie(ItemController.java:22)
	at com.hr.controller.ItemController.cookie(ItemController.java:22)
	at com.hr.controller.ItemController.cookie(ItemController.java:22)
	at com.hr.controller.ItemController.cookie(ItemController.java:22)
	at com.hr.controller.ItemController.cookie(ItemController.java:22)
	at com.hr.controller.ItemController.cookie(ItemController.java:22)
	at com.hr.controller.ItemController.cookie(ItemController.java:22)
	at com.hr.controller.ItemController.cookie(ItemController.java:22)
	at com.hr.controller.ItemController.cookie(ItemController.java:22)
	at com.hr.controller.ItemController.cookie(ItemController.java:22)
	at com.hr.controller.ItemController.cookie(ItemController.java:22)
	at com.hr.controller.ItemController.cookie(ItemController.java:22)
	at com.hr.controller.ItemController.cookie(ItemController.java:22)
	at com.hr.controller.ItemController.cookie(ItemController.java:22)
	at com.hr.controller.ItemController.cookie(ItemController.java:22)
	at com.hr.controller.ItemController.cookie(ItemController.java:22)
	at com.hr.controller.ItemController.cookie(ItemController.java:22)
	at com.hr.controller.ItemController.cookie(ItemController.java:22)
	at com.hr.controller.ItemController.cookie(ItemController.java:22)
	at com.hr.controller.ItemController.cookie(ItemController.java:22)
	at com.hr.controller.ItemController.cookie(ItemController.java:22)
	at com.hr.controller.ItemController.cookie(ItemController.java:22)
	at com.hr.controller.ItemController.cookie(ItemController.java:22)
	at com.hr.controller.ItemController.cookie(ItemController.java:22)
	at com.hr.controller.ItemController.cookie(ItemController.java:22)
	at com.hr.controller.ItemController.cookie(ItemController.java:22)
	at com.hr.controller.ItemController.cookie(ItemController.java:22)
	at com.hr.controller.ItemController.cookie(ItemController.java:22)
	at com.hr.controller.ItemController.cookie(ItemController.java:22)
	at com.hr.controller.ItemController.cookie(ItemController.java:22)
	at com.hr.controller.ItemController.cookie(ItemController.java:22)
	at com.hr.controller.ItemController.cookie(ItemController.java:22)
	at com.hr.controller.ItemController.cookie(ItemController.java:22)
	at com.hr.controller.ItemController.cookie(ItemController.java:22)
	at com.hr.controller.ItemController.cookie(ItemController.java:22)
	at com.hr.controller.ItemController.cookie(ItemController.java:22)
	at com.hr.controller.ItemController.cookie(ItemController.java:22)
	at com.hr.controller.ItemController.cookie(ItemController.java:22)
	at com.hr.controller.ItemController.cookie(ItemController.java:22)
	at com.hr.controller.ItemController.cookie(ItemController.java:22)
	at com.hr.controller.ItemController.cookie(ItemController.java:22)
	at com.hr.controller.ItemController.cookie(ItemController.java:22)
	at com.hr.controller.ItemController.cookie(ItemController.java:22)
	at com.hr.controller.ItemController.cookie(ItemController.java:22)
	at com.hr.controller.ItemController.cookie(ItemController.java:22)
	at com.hr.controller.ItemController.cookie(ItemController.java:22)
	at com.hr.controller.ItemController.cookie(ItemController.java:22)
	at com.hr.controller.ItemController.cookie(ItemController.java:22)
	at com.hr.controller.ItemController.cookie(ItemController.java:22)
	at com.hr.controller.ItemController.cookie(ItemController.java:22)
	at com.hr.controller.ItemController.cookie(ItemController.java:22)
	at com.hr.controller.ItemController.cookie(ItemController.java:22)
	at com.hr.controller.ItemController.cookie(ItemController.java:22)
	at com.hr.controller.ItemController.cookie(ItemController.java:22)
	at com.hr.controller.ItemController.cookie(ItemController.java:22)
	at com.hr.controller.ItemController.cookie(ItemController.java:22)
	at com.hr.controller.ItemController.cookie(ItemController.java:22)
	at com.hr.controller.ItemController.cookie(ItemController.java:22)
	at com.hr.controller.ItemController.cookie(ItemController.java:22)
	at com.hr.controller.ItemController.cookie(ItemController.java:22)
	at com.hr.controller.ItemController.cookie(ItemController.java:22)
	at com.hr.controller.ItemController.cookie(ItemController.java:22)
	at com.hr.controller.ItemController.cookie(ItemController.java:22)
	at com.hr.controller.ItemController.cookie(ItemController.java:22)
	at com.hr.controller.ItemController.cookie(ItemController.java:22)
	at com.hr.controller.ItemController.cookie(ItemController.java:22)
	at com.hr.controller.ItemController.cookie(ItemController.java:22)
	at com.hr.controller.ItemController.cookie(ItemController.java:22)
	at com.hr.controller.ItemController.cookie(ItemController.java:22)
	at com.hr.controller.ItemController.cookie(ItemController.java:22)
	at com.hr.controller.ItemController.cookie(ItemController.java:22)
	at com.hr.controller.ItemController.cookie(ItemController.java:22)
	at com.hr.controller.ItemController.cookie(ItemController.java:22)
	at com.hr.controller.ItemController.cookie(ItemController.java:22)
	at com.hr.controller.ItemController.cookie(ItemController.java:22)
	at com.hr.controller.ItemController.cookie(ItemController.java:22)
	at com.hr.controller.ItemController.cookie(ItemController.java:22)
	at com.hr.controller.ItemController.cookie(ItemController.java:22)
	at com.hr.controller.ItemController.cookie(ItemController.java:22)
	at com.hr.controller.ItemController.cookie(ItemController.java:22)
	at com.hr.controller.ItemController.cookie(ItemController.java:22)
	at com.hr.controller.ItemController.cookie(ItemController.java:22)
	at com.hr.controller.ItemController.cookie(ItemController.java:22)
	at com.hr.controller.ItemController.cookie(ItemController.java:22)
	at com.hr.controller.ItemController.cookie(ItemController.java:22)
	at com.hr.controller.ItemController.cookie(ItemController.java:22)
	at com.hr.controller.ItemController.cookie(ItemController.java:22)
	at com.hr.controller.ItemController.cookie(ItemController.java:22)
	at com.hr.controller.ItemController.cookie(ItemController.java:22)
	at com.hr.controller.ItemController.cookie(ItemController.java:22)
	at com.hr.controller.ItemController.cookie(ItemController.java:22)
	at com.hr.controller.ItemController.cookie(ItemController.java:22)
	at com.hr.controller.ItemController.cookie(ItemController.java:22)
	at com.hr.controller.ItemController.cookie(ItemController.java:22)
	at com.hr.controller.ItemController.cookie(ItemController.java:22)
	at com.hr.controller.ItemController.cookie(ItemController.java:22)
	at com.hr.controller.ItemController.cookie(ItemController.java:22)
	at com.hr.controller.ItemController.cookie(ItemController.java:22)
	at com.hr.controller.ItemController.cookie(ItemController.java:22)
	at com.hr.controller.ItemController.cookie(ItemController.java:22)
	at com.hr.controller.ItemController.cookie(ItemController.java:22)
	at com.hr.controller.ItemController.cookie(ItemController.java:22)
	at com.hr.controller.ItemController.cookie(ItemController.java:22)
	at com.hr.controller.ItemController.cookie(ItemController.java:22)
	at com.hr.controller.ItemController.cookie(ItemController.java:22)
	at com.hr.controller.ItemController.cookie(ItemController.java:22)
	at com.hr.controller.ItemController.cookie(ItemController.java:22)
	at com.hr.controller.ItemController.cookie(ItemController.java:22)
	at com.hr.controller.ItemController.cookie(ItemController.java:22)
	at com.hr.controller.ItemController.cookie(ItemController.java:22)
	at com.hr.controller.ItemController.cookie(ItemController.java:22)
	at com.hr.controller.ItemController.cookie(ItemController.java:22)
	at com.hr.controller.ItemController.cookie(ItemController.java:22)
	at com.hr.controller.ItemController.cookie(ItemController.java:22)
	at com.hr.controller.ItemController.cookie(ItemController.java:22)
	at com.hr.controller.ItemController.cookie(ItemController.java:22)
	at com.hr.controller.ItemController.cookie(ItemController.java:22)
	at com.hr.controller.ItemController.cookie(ItemController.java:22)
	at com.hr.controller.ItemController.cookie(ItemController.java:22)
	at com.hr.controller.ItemController.cookie(ItemController.java:22)
	at com.hr.controller.ItemController.cookie(ItemController.java:22)
	at com.hr.controller.ItemController.cookie(ItemController.java:22)
	at com.hr.controller.ItemController.cookie(ItemController.java:22)
	at com.hr.controller.ItemController.cookie(ItemController.java:22)
	at com.hr.controller.ItemController.cookie(ItemController.java:22)
	at com.hr.controller.ItemController.cookie(ItemController.java:22)
	at com.hr.controller.ItemController.cookie(ItemController.java:22)
	at com.hr.controller.ItemController.cookie(ItemController.java:22)
	at com.hr.controller.ItemController.cookie(ItemController.java:22)
	at com.hr.controller.ItemController.cookie(ItemController.java:22)
	at com.hr.controller.ItemController.cookie(ItemController.java:22)
	at com.hr.controller.ItemController.cookie(ItemController.java:22)
	at com.hr.controller.ItemController.cookie(ItemController.java:22)
	at com.hr.controller.ItemController.cookie(ItemController.java:22)
	at com.hr.controller.ItemController.cookie(ItemController.java:22)
	at com.hr.controller.ItemController.cookie(ItemController.java:22)
	at com.hr.controller.ItemController.cookie(ItemController.java:22)
	at com.hr.controller.ItemController.cookie(ItemController.java:22)
	at com.hr.controller.ItemController.cookie(ItemController.java:22)
	at com.hr.controller.ItemController.cookie(ItemController.java:22)
	at com.hr.controller.ItemController.cookie(ItemController.java:22)
	at com.hr.controller.ItemController.cookie(ItemController.java:22)
	at com.hr.controller.ItemController.cookie(ItemController.java:22)
	at com.hr.controller.ItemController.cookie(ItemController.java:22)
	at com.hr.controller.ItemController.cookie(ItemController.java:22)
	at com.hr.controller.ItemController.cookie(ItemController.java:22)
	at com.hr.controller.ItemController.cookie(ItemController.java:22)
	at com.hr.controller.ItemController.cookie(ItemController.java:22)
	at com.hr.controller.ItemController.cookie(ItemController.java:22)
	at com.hr.controller.ItemController.cookie(ItemController.java:22)
	at com.hr.controller.ItemController.cookie(ItemController.java:22)
	at com.hr.controller.ItemController.cookie(ItemController.java:22)
	at com.hr.controller.ItemController.cookie(ItemController.java:22)
	at com.hr.controller.ItemController.cookie(ItemController.java:22)
	at com.hr.controller.ItemController.cookie(ItemController.java:22)
	at com.hr.controller.ItemController.cookie(ItemController.java:22)
	at com.hr.controller.ItemController.cookie(ItemController.java:22)
	at com.hr.controller.ItemController.cookie(ItemController.java:22)
	at com.hr.controller.ItemController.cookie(ItemController.java:22)
	at com.hr.controller.ItemController.cookie(ItemController.java:22)
	at com.hr.controller.ItemController.cookie(ItemController.java:22)
	at com.hr.controller.ItemController.cookie(ItemController.java:22)
	at com.hr.controller.ItemController.cookie(ItemController.java:22)
	at com.hr.controller.ItemController.cookie(ItemController.java:22)
	at com.hr.controller.ItemController.cookie(ItemController.java:22)
	at com.hr.controller.ItemController.cookie(ItemController.java:22)
	at com.hr.controller.ItemController.cookie(ItemController.java:22)
	at com.hr.controller.ItemController.cookie(ItemController.java:22)
	at com.hr.controller.ItemController.cookie(ItemController.java:22)
	at com.hr.controller.ItemController.cookie(ItemController.java:22)
	at com.hr.controller.ItemController.cookie(ItemController.java:22)
	at com.hr.controller.ItemController.cookie(ItemController.java:22)
	at com.hr.controller.ItemController.cookie(ItemController.java:22)
	at com.hr.controller.ItemController.cookie(ItemController.java:22)
	at com.hr.controller.ItemController.cookie(ItemController.java:22)
	at com.hr.controller.ItemController.cookie(ItemController.java:22)
	at com.hr.controller.ItemController.cookie(ItemController.java:22)
	at com.hr.controller.ItemController.cookie(ItemController.java:22)
	at com.hr.controller.ItemController.cookie(ItemController.java:22)
	at com.hr.controller.ItemController.cookie(ItemController.java:22)
	at com.hr.controller.ItemController.cookie(ItemController.java:22)
	at com.hr.controller.ItemController.cookie(ItemController.java:22)
	at com.hr.controller.ItemController.cookie(ItemController.java:22)
	at com.hr.controller.ItemController.cookie(ItemController.java:22)
	at com.hr.controller.ItemController.cookie(ItemController.java:22)
	at com.hr.controller.ItemController.cookie(ItemController.java:22)
	at com.hr.controller.ItemController.cookie(ItemController.java:22)
	at com.hr.controller.ItemController.cookie(ItemController.java:22)
	at com.hr.controller.ItemController.cookie(ItemController.java:22)
	at com.hr.controller.ItemController.cookie(ItemController.java:22)
	at com.hr.controller.ItemController.cookie(ItemController.java:22)
	at com.hr.controller.ItemController.cookie(ItemController.java:22)
	at com.hr.controller.ItemController.cookie(ItemController.java:22)
	at com.hr.controller.ItemController.cookie(ItemController.java:22)
	at com.hr.controller.ItemController.cookie(ItemController.java:22)
	at com.hr.controller.ItemController.cookie(ItemController.java:22)
	at com.hr.controller.ItemController.cookie(ItemController.java:22)
	at com.hr.controller.ItemController.cookie(ItemController.java:22)
	at com.hr.controller.ItemController.cookie(ItemController.java:22)
	at com.hr.controller.ItemController.cookie(ItemController.java:22)
	at com.hr.controller.ItemController.cookie(ItemController.java:22)
	at com.hr.controller.ItemController.cookie(ItemController.java:22)
	at com.hr.controller.ItemController.cookie(ItemController.java:22)
	at com.hr.controller.ItemController.cookie(ItemController.java:22)
	at com.hr.controller.ItemController.cookie(ItemController.java:22)
	at com.hr.controller.ItemController.cookie(ItemController.java:22)
	at com.hr.controller.ItemController.cookie(ItemController.java:22)
	at com.hr.controller.ItemController.cookie(ItemController.java:22)
	at com.hr.controller.ItemController.cookie(ItemController.java:22)
	at com.hr.controller.ItemController.cookie(ItemController.java:22)
	at com.hr.controller.ItemController.cookie(ItemController.java:22)
	at com.hr.controller.ItemController.cookie(ItemController.java:22)
	at com.hr.controller.ItemController.cookie(ItemController.java:22)
	at com.hr.controller.ItemController.cookie(ItemController.java:22)
	at com.hr.controller.ItemController.cookie(ItemController.java:22)
	at com.hr.controller.ItemController.cookie(ItemController.java:22)
	at com.hr.controller.ItemController.cookie(ItemController.java:22)
	at com.hr.controller.ItemController.cookie(ItemController.java:22)
	at com.hr.controller.ItemController.cookie(ItemController.java:22)
	at com.hr.controller.ItemController.cookie(ItemController.java:22)
	at com.hr.controller.ItemController.cookie(ItemController.java:22)
	at com.hr.controller.ItemController.cookie(ItemController.java:22)
	at com.hr.controller.ItemController.cookie(ItemController.java:22)
	at com.hr.controller.ItemController.cookie(ItemController.java:22)
	at com.hr.controller.ItemController.cookie(ItemController.java:22)
	at com.hr.controller.ItemController.cookie(ItemController.java:22)
	at com.hr.controller.ItemController.cookie(ItemController.java:22)
	at com.hr.controller.ItemController.cookie(ItemController.java:22)
	at com.hr.controller.ItemController.cookie(ItemController.java:22)
	at com.hr.controller.ItemController.cookie(ItemController.java:22)
	at com.hr.controller.ItemController.cookie(ItemController.java:22)
	at com.hr.controller.ItemController.cookie(ItemController.java:22)
	at com.hr.controller.ItemController.cookie(ItemController.java:22)
	at com.hr.controller.ItemController.cookie(ItemController.java:22)
	at com.hr.controller.ItemController.cookie(ItemController.java:22)
	at com.hr.controller.ItemController.cookie(ItemController.java:22)
	at com.hr.controller.ItemController.cookie(ItemController.java:22)
	at com.hr.controller.ItemController.cookie(ItemController.java:22)
	at com.hr.controller.ItemController.cookie(ItemController.java:22)
	at com.hr.controller.ItemController.cookie(ItemController.java:22)
	at com.hr.controller.ItemController.cookie(ItemController.java:22)
	at com.hr.controller.ItemController.cookie(ItemController.java:22)
	at com.hr.controller.ItemController.cookie(ItemController.java:22)
	at com.hr.controller.ItemController.cookie(ItemController.java:22)
	at com.hr.controller.ItemController.cookie(ItemController.java:22)
	at com.hr.controller.ItemController.cookie(ItemController.java:22)
	at com.hr.controller.ItemController.cookie(ItemController.java:22)
	at com.hr.controller.ItemController.cookie(ItemController.java:22)
	at com.hr.controller.ItemController.cookie(ItemController.java:22)
	at com.hr.controller.ItemController.cookie(ItemController.java:22)
	at com.hr.controller.ItemController.cookie(ItemController.java:22)
	at com.hr.controller.ItemController.cookie(ItemController.java:22)
	at com.hr.controller.ItemController.cookie(ItemController.java:22)
	at com.hr.controller.ItemController.cookie(ItemController.java:22)
	at com.hr.controller.ItemController.cookie(ItemController.java:22)
	at com.hr.controller.ItemController.cookie(ItemController.java:22)
	at com.hr.controller.ItemController.cookie(ItemController.java:22)
	at com.hr.controller.ItemController.cookie(ItemController.java:22)
	at com.hr.controller.ItemController.cookie(ItemController.java:22)
	at com.hr.controller.ItemController.cookie(ItemController.java:22)
	at com.hr.controller.ItemController.cookie(ItemController.java:22)
	at com.hr.controller.ItemController.cookie(ItemController.java:22)
	at com.hr.controller.ItemController.cookie(ItemController.java:22)
	at com.hr.controller.ItemController.cookie(ItemController.java:22)
	at com.hr.controller.ItemController.cookie(ItemController.java:22)
	at com.hr.controller.ItemController.cookie(ItemController.java:22)
	at com.hr.controller.ItemController.cookie(ItemController.java:22)
	at com.hr.controller.ItemController.cookie(ItemController.java:22)
	at com.hr.controller.ItemController.cookie(ItemController.java:22)
	at com.hr.controller.ItemController.cookie(ItemController.java:22)
	at com.hr.controller.ItemController.cookie(ItemController.java:22)
	at com.hr.controller.ItemController.cookie(ItemController.java:22)
	at com.hr.controller.ItemController.cookie(ItemController.java:22)
	at com.hr.controller.ItemController.cookie(ItemController.java:22)
	at com.hr.controller.ItemController.cookie(ItemController.java:22)
	at com.hr.controller.ItemController.cookie(ItemController.java:22)
	at com.hr.controller.ItemController.cookie(ItemController.java:22)
	at com.hr.controller.ItemController.cookie(ItemController.java:22)
	at com.hr.controller.ItemController.cookie(ItemController.java:22)
	at com.hr.controller.ItemController.cookie(ItemController.java:22)
	at com.hr.controller.ItemController.cookie(ItemController.java:22)
	at com.hr.controller.ItemController.cookie(ItemController.java:22)
	at com.hr.controller.ItemController.cookie(ItemController.java:22)
	at com.hr.controller.ItemController.cookie(ItemController.java:22)
	at com.hr.controller.ItemController.cookie(ItemController.java:22)
	at com.hr.controller.ItemController.cookie(ItemController.java:22)
	at com.hr.controller.ItemController.cookie(ItemController.java:22)
	at com.hr.controller.ItemController.cookie(ItemController.java:22)
	at com.hr.controller.ItemController.cookie(ItemController.java:22)
	at com.hr.controller.ItemController.cookie(ItemController.java:22)
	at com.hr.controller.ItemController.cookie(ItemController.java:22)
	at com.hr.controller.ItemController.cookie(ItemController.java:22)
	at com.hr.controller.ItemController.cookie(ItemController.java:22)
	at com.hr.controller.ItemController.cookie(ItemController.java:22)
	at com.hr.controller.ItemController.cookie(ItemController.java:22)
	at com.hr.controller.ItemController.cookie(ItemController.java:22)
	at com.hr.controller.ItemController.cookie(ItemController.java:22)
	at com.hr.controller.ItemController.cookie(ItemController.java:22)
	at com.hr.controller.ItemController.cookie(ItemController.java:22)
	at com.hr.controller.ItemController.cookie(ItemController.java:22)
	at com.hr.controller.ItemController.cookie(ItemController.java:22)
	at com.hr.controller.ItemController.cookie(ItemController.java:22)
	at com.hr.controller.ItemController.cookie(ItemController.java:22)
	at com.hr.controller.ItemController.cookie(ItemController.java:22)
	at com.hr.controller.ItemController.cookie(ItemController.java:22)
	at com.hr.controller.ItemController.cookie(ItemController.java:22)
	at com.hr.controller.ItemController.cookie(ItemController.java:22)
	at com.hr.controller.ItemController.cookie(ItemController.java:22)
	at com.hr.controller.ItemController.cookie(ItemController.java:22)
	at com.hr.controller.ItemController.cookie(ItemController.java:22)
	at com.hr.controller.ItemController.cookie(ItemController.java:22)
	at com.hr.controller.ItemController.cookie(ItemController.java:22)
	at com.hr.controller.ItemController.cookie(ItemController.java:22)
	at com.hr.controller.ItemController.cookie(ItemController.java:22)
	at com.hr.controller.ItemController.cookie(ItemController.java:22)
	at com.hr.controller.ItemController.cookie(ItemController.java:22)
	at com.hr.controller.ItemController.cookie(ItemController.java:22)
	at com.hr.controller.ItemController.cookie(ItemController.java:22)
	at com.hr.controller.ItemController.cookie(ItemController.java:22)
	at com.hr.controller.ItemController.cookie(ItemController.java:22)
	at com.hr.controller.ItemController.cookie(ItemController.java:22)
	at com.hr.controller.ItemController.cookie(ItemController.java:22)
	at com.hr.controller.ItemController.cookie(ItemController.java:22)
	at com.hr.controller.ItemController.cookie(ItemController.java:22)
	at com.hr.controller.ItemController.cookie(ItemController.java:22)
	at com.hr.controller.ItemController.cookie(ItemController.java:22)
	at com.hr.controller.ItemController.cookie(ItemController.java:22)
	at com.hr.controller.ItemController.cookie(ItemController.java:22)
	at com.hr.controller.ItemController.cookie(ItemController.java:22)
	at com.hr.controller.ItemController.cookie(ItemController.java:22)
	at com.hr.controller.ItemController.cookie(ItemController.java:22)
	at com.hr.controller.ItemController.cookie(ItemController.java:22)
	at com.hr.controller.ItemController.cookie(ItemController.java:22)
	at com.hr.controller.ItemController.cookie(ItemController.java:22)
	at com.hr.controller.ItemController.cookie(ItemController.java:22)
	at com.hr.controller.ItemController.cookie(ItemController.java:22)
	at com.hr.controller.ItemController.cookie(ItemController.java:22)
	at com.hr.controller.ItemController.cookie(ItemController.java:22)
	at com.hr.controller.ItemController.cookie(ItemController.java:22)
	at com.hr.controller.ItemController.cookie(ItemController.java:22)
	at com.hr.controller.ItemController.cookie(ItemController.java:22)
	at com.hr.controller.ItemController.cookie(ItemController.java:22)
	at com.hr.controller.ItemController.cookie(ItemController.java:22)
	at com.hr.controller.ItemController.cookie(ItemController.java:22)
	at com.hr.controller.ItemController.cookie(ItemController.java:22)
	at com.hr.controller.ItemController.cookie(ItemController.java:22)
	at com.hr.controller.ItemController.cookie(ItemController.java:22)
	at com.hr.controller.ItemController.cookie(ItemController.java:22)
	at com.hr.controller.ItemController.cookie(ItemController.java:22)
	at com.hr.controller.ItemController.cookie(ItemController.java:22)
	at com.hr.controller.ItemController.cookie(ItemController.java:22)
	at com.hr.controller.ItemController.cookie(ItemController.java:22)
	at com.hr.controller.ItemController.cookie(ItemController.java:22)
	at com.hr.controller.ItemController.cookie(ItemController.java:22)
	at com.hr.controller.ItemController.cookie(ItemController.java:22)
	at com.hr.controller.ItemController.cookie(ItemController.java:22)
	at com.hr.controller.ItemController.cookie(ItemController.java:22)
	at com.hr.controller.ItemController.cookie(ItemController.java:22)
	at com.hr.controller.ItemController.cookie(ItemController.java:22)
	at com.hr.controller.ItemController.cookie(ItemController.java:22)
	at com.hr.controller.ItemController.cookie(ItemController.java:22)
	at com.hr.controller.ItemController.cookie(ItemController.java:22)
	at com.hr.controller.ItemController.cookie(ItemController.java:22)
	at com.hr.controller.ItemController.cookie(ItemController.java:22)
	at com.hr.controller.ItemController.cookie(ItemController.java:22)
	at com.hr.controller.ItemController.cookie(ItemController.java:22)
	at com.hr.controller.ItemController.cookie(ItemController.java:22)
	at com.hr.controller.ItemController.cookie(ItemController.java:22)
	at com.hr.controller.ItemController.cookie(ItemController.java:22)
	at com.hr.controller.ItemController.cookie(ItemController.java:22)
	at com.hr.controller.ItemController.cookie(ItemController.java:22)
	at com.hr.controller.ItemController.cookie(ItemController.java:22)
	at com.hr.controller.ItemController.cookie(ItemController.java:22)
	at com.hr.controller.ItemController.cookie(ItemController.java:22)
	at com.hr.controller.ItemController.cookie(ItemController.java:22)
	at com.hr.controller.ItemController.cookie(ItemController.java:22)
	at com.hr.controller.ItemController.cookie(ItemController.java:22)
	at com.hr.controller.ItemController.cookie(ItemController.java:22)
	at com.hr.controller.ItemController.cookie(ItemController.java:22)
	at com.hr.controller.ItemController.cookie(ItemController.java:22)
	at com.hr.controller.ItemController.cookie(ItemController.java:22)
	at com.hr.controller.ItemController.cookie(ItemController.java:22)
	at com.hr.controller.ItemController.cookie(ItemController.java:22)
	at com.hr.controller.ItemController.cookie(ItemController.java:22)
	at com.hr.controller.ItemController.cookie(ItemController.java:22)
	at com.hr.controller.ItemController.cookie(ItemController.java:22)
	at com.hr.controller.ItemController.cookie(ItemController.java:22)
	at com.hr.controller.ItemController.cookie(ItemController.java:22)
	at com.hr.controller.ItemController.cookie(ItemController.java:22)
	at com.hr.controller.ItemController.cookie(ItemController.java:22)
	at com.hr.controller.ItemController.cookie(ItemController.java:22)
	at com.hr.controller.ItemController.cookie(ItemController.java:22)
	at com.hr.controller.ItemController.cookie(ItemController.java:22)
	at com.hr.controller.ItemController.cookie(ItemController.java:22)
	at com.hr.controller.ItemController.cookie(ItemController.java:22)
	at com.hr.controller.ItemController.cookie(ItemController.java:22)
	at com.hr.controller.ItemController.cookie(ItemController.java:22)
	at com.hr.controller.ItemController.cookie(ItemController.java:22)
	at com.hr.controller.ItemController.cookie(ItemController.java:22)
	at com.hr.controller.ItemController.cookie(ItemController.java:22)
	at com.hr.controller.ItemController.cookie(ItemController.java:22)
	at com.hr.controller.ItemController.cookie(ItemController.java:22)
	at com.hr.controller.ItemController.cookie(ItemController.java:22)
	at com.hr.controller.ItemController.cookie(ItemController.java:22)
	at com.hr.controller.ItemController.cookie(ItemController.java:22)
	at com.hr.controller.ItemController.cookie(ItemController.java:22)
	at com.hr.controller.ItemController.cookie(ItemController.java:22)
	at com.hr.controller.ItemController.cookie(ItemController.java:22)
	at com.hr.controller.ItemController.cookie(ItemController.java:22)
	at com.hr.controller.ItemController.cookie(ItemController.java:22)
	at com.hr.controller.ItemController.cookie(ItemController.java:22)
	at com.hr.controller.ItemController.cookie(ItemController.java:22)
	at com.hr.controller.ItemController.cookie(ItemController.java:22)
	at com.hr.controller.ItemController.cookie(ItemController.java:22)
	at com.hr.controller.ItemController.cookie(ItemController.java:22)
	at com.hr.controller.ItemController.cookie(ItemController.java:22)
	at com.hr.controller.ItemController.cookie(ItemController.java:22)
	at com.hr.controller.ItemController.cookie(ItemController.java:22)
	at com.hr.controller.ItemController.cookie(ItemController.java:22)
	at com.hr.controller.ItemController.cookie(ItemController.java:22)
	at com.hr.controller.ItemController.cookie(ItemController.java:22)
	at com.hr.controller.ItemController.cookie(ItemController.java:22)
	at com.hr.controller.ItemController.cookie(ItemController.java:22)
	at com.hr.controller.ItemController.cookie(ItemController.java:22)
	at com.hr.controller.ItemController.cookie(ItemController.java:22)
	at com.hr.controller.ItemController.cookie(ItemController.java:22)
	at com.hr.controller.ItemController.cookie(ItemController.java:22)
	at com.hr.controller.ItemController.cookie(ItemController.java:22)
	at com.hr.controller.ItemController.cookie(ItemController.java:22)
	at com.hr.controller.ItemController.cookie(ItemController.java:22)
	at com.hr.controller.ItemController.cookie(ItemController.java:22)
[2019-03-30 08:17:39] [ERROR] [org.apache.catalina.core.ContainerBase.[Tomcat].[localhost].[/].[autoCodeUiServlet]:175] -- Servlet.service() for servlet [autoCodeUiServlet] in context with path [] threw exception
java.lang.RuntimeException: java.lang.NullPointerException
	at com.zengtengpeng.ui.servlet.AutoCodeUiServlet.service(AutoCodeUiServlet.java:68)
	at javax.servlet.http.HttpServlet.service(HttpServlet.java:741)
	at org.apache.catalina.core.ApplicationFilterChain.internalDoFilter(ApplicationFilterChain.java:231)
	at org.apache.catalina.core.ApplicationFilterChain.doFilter(ApplicationFilterChain.java:166)
	at org.apache.tomcat.websocket.server.WsFilter.doFilter(WsFilter.java:53)
	at org.apache.catalina.core.ApplicationFilterChain.internalDoFilter(ApplicationFilterChain.java:193)
	at org.apache.catalina.core.ApplicationFilterChain.doFilter(ApplicationFilterChain.java:166)
	at org.springframework.boot.actuate.web.trace.servlet.HttpTraceFilter.doFilterInternal(HttpTraceFilter.java:90)
	at org.springframework.web.filter.OncePerRequestFilter.doFilter(OncePerRequestFilter.java:107)
	at org.apache.catalina.core.ApplicationFilterChain.internalDoFilter(ApplicationFilterChain.java:193)
	at org.apache.catalina.core.ApplicationFilterChain.doFilter(ApplicationFilterChain.java:166)
	at org.springframework.web.filter.RequestContextFilter.doFilterInternal(RequestContextFilter.java:99)
	at org.springframework.web.filter.OncePerRequestFilter.doFilter(OncePerRequestFilter.java:107)
	at org.apache.catalina.core.ApplicationFilterChain.internalDoFilter(ApplicationFilterChain.java:193)
	at org.apache.catalina.core.ApplicationFilterChain.doFilter(ApplicationFilterChain.java:166)
	at org.springframework.web.filter.FormContentFilter.doFilterInternal(FormContentFilter.java:92)
	at org.springframework.web.filter.OncePerRequestFilter.doFilter(OncePerRequestFilter.java:107)
	at org.apache.catalina.core.ApplicationFilterChain.internalDoFilter(ApplicationFilterChain.java:193)
	at org.apache.catalina.core.ApplicationFilterChain.doFilter(ApplicationFilterChain.java:166)
	at org.springframework.web.filter.HiddenHttpMethodFilter.doFilterInternal(HiddenHttpMethodFilter.java:93)
	at org.springframework.web.filter.OncePerRequestFilter.doFilter(OncePerRequestFilter.java:107)
	at org.apache.catalina.core.ApplicationFilterChain.internalDoFilter(ApplicationFilterChain.java:193)
	at org.apache.catalina.core.ApplicationFilterChain.doFilter(ApplicationFilterChain.java:166)
	at org.springframework.boot.actuate.metrics.web.servlet.WebMvcMetricsFilter.filterAndRecordMetrics(WebMvcMetricsFilter.java:117)
	at org.springframework.boot.actuate.metrics.web.servlet.WebMvcMetricsFilter.doFilterInternal(WebMvcMetricsFilter.java:106)
	at org.springframework.web.filter.OncePerRequestFilter.doFilter(OncePerRequestFilter.java:107)
	at org.apache.catalina.core.ApplicationFilterChain.internalDoFilter(ApplicationFilterChain.java:193)
	at org.apache.catalina.core.ApplicationFilterChain.doFilter(ApplicationFilterChain.java:166)
	at org.springframework.web.filter.CharacterEncodingFilter.doFilterInternal(CharacterEncodingFilter.java:200)
	at org.springframework.web.filter.OncePerRequestFilter.doFilter(OncePerRequestFilter.java:107)
	at org.apache.catalina.core.ApplicationFilterChain.internalDoFilter(ApplicationFilterChain.java:193)
	at org.apache.catalina.core.ApplicationFilterChain.doFilter(ApplicationFilterChain.java:166)
	at org.apache.catalina.core.StandardWrapperValve.invoke(StandardWrapperValve.java:200)
	at org.apache.catalina.core.StandardContextValve.invoke(StandardContextValve.java:96)
	at org.apache.catalina.authenticator.AuthenticatorBase.invoke(AuthenticatorBase.java:490)
	at org.apache.catalina.core.StandardHostValve.invoke(StandardHostValve.java:139)
	at org.apache.catalina.valves.ErrorReportValve.invoke(ErrorReportValve.java:92)
	at org.apache.catalina.core.StandardEngineValve.invoke(StandardEngineValve.java:74)
	at org.apache.catalina.connector.CoyoteAdapter.service(CoyoteAdapter.java:343)
	at org.apache.coyote.http11.Http11Processor.service(Http11Processor.java:408)
	at org.apache.coyote.AbstractProcessorLight.process(AbstractProcessorLight.java:66)
	at org.apache.coyote.AbstractProtocol$ConnectionHandler.process(AbstractProtocol.java:834)
	at org.apache.tomcat.util.net.NioEndpoint$SocketProcessor.doRun(NioEndpoint.java:1415)
	at org.apache.tomcat.util.net.SocketProcessorBase.run(SocketProcessorBase.java:49)
	at java.util.concurrent.ThreadPoolExecutor.runWorker(ThreadPoolExecutor.java:1149)
	at java.util.concurrent.ThreadPoolExecutor$Worker.run(ThreadPoolExecutor.java:624)
	at org.apache.tomcat.util.threads.TaskThread$WrappingRunnable.run(TaskThread.java:61)
	at java.lang.Thread.run(Thread.java:748)
Caused by: java.lang.NullPointerException: null
	at com.zengtengpeng.ui.servlet.AutoCodeUiServlet.service(AutoCodeUiServlet.java:58)
	... 47 common frames omitted
[2019-03-30 08:17:47] [ERROR] [org.apache.catalina.core.ContainerBase.[Tomcat].[localhost].[/].[autoCodeUiServlet]:175] -- Servlet.service() for servlet [autoCodeUiServlet] in context with path [] threw exception
java.lang.RuntimeException: java.lang.NullPointerException
	at com.zengtengpeng.ui.servlet.AutoCodeUiServlet.service(AutoCodeUiServlet.java:68)
	at javax.servlet.http.HttpServlet.service(HttpServlet.java:741)
	at org.apache.catalina.core.ApplicationFilterChain.internalDoFilter(ApplicationFilterChain.java:231)
	at org.apache.catalina.core.ApplicationFilterChain.doFilter(ApplicationFilterChain.java:166)
	at org.apache.tomcat.websocket.server.WsFilter.doFilter(WsFilter.java:53)
	at org.apache.catalina.core.ApplicationFilterChain.internalDoFilter(ApplicationFilterChain.java:193)
	at org.apache.catalina.core.ApplicationFilterChain.doFilter(ApplicationFilterChain.java:166)
	at org.springframework.boot.actuate.web.trace.servlet.HttpTraceFilter.doFilterInternal(HttpTraceFilter.java:90)
	at org.springframework.web.filter.OncePerRequestFilter.doFilter(OncePerRequestFilter.java:107)
	at org.apache.catalina.core.ApplicationFilterChain.internalDoFilter(ApplicationFilterChain.java:193)
	at org.apache.catalina.core.ApplicationFilterChain.doFilter(ApplicationFilterChain.java:166)
	at org.springframework.web.filter.RequestContextFilter.doFilterInternal(RequestContextFilter.java:99)
	at org.springframework.web.filter.OncePerRequestFilter.doFilter(OncePerRequestFilter.java:107)
	at org.apache.catalina.core.ApplicationFilterChain.internalDoFilter(ApplicationFilterChain.java:193)
	at org.apache.catalina.core.ApplicationFilterChain.doFilter(ApplicationFilterChain.java:166)
	at org.springframework.web.filter.FormContentFilter.doFilterInternal(FormContentFilter.java:92)
	at org.springframework.web.filter.OncePerRequestFilter.doFilter(OncePerRequestFilter.java:107)
	at org.apache.catalina.core.ApplicationFilterChain.internalDoFilter(ApplicationFilterChain.java:193)
	at org.apache.catalina.core.ApplicationFilterChain.doFilter(ApplicationFilterChain.java:166)
	at org.springframework.web.filter.HiddenHttpMethodFilter.doFilterInternal(HiddenHttpMethodFilter.java:93)
	at org.springframework.web.filter.OncePerRequestFilter.doFilter(OncePerRequestFilter.java:107)
	at org.apache.catalina.core.ApplicationFilterChain.internalDoFilter(ApplicationFilterChain.java:193)
	at org.apache.catalina.core.ApplicationFilterChain.doFilter(ApplicationFilterChain.java:166)
	at org.springframework.boot.actuate.metrics.web.servlet.WebMvcMetricsFilter.filterAndRecordMetrics(WebMvcMetricsFilter.java:117)
	at org.springframework.boot.actuate.metrics.web.servlet.WebMvcMetricsFilter.doFilterInternal(WebMvcMetricsFilter.java:106)
	at org.springframework.web.filter.OncePerRequestFilter.doFilter(OncePerRequestFilter.java:107)
	at org.apache.catalina.core.ApplicationFilterChain.internalDoFilter(ApplicationFilterChain.java:193)
	at org.apache.catalina.core.ApplicationFilterChain.doFilter(ApplicationFilterChain.java:166)
	at org.springframework.web.filter.CharacterEncodingFilter.doFilterInternal(CharacterEncodingFilter.java:200)
	at org.springframework.web.filter.OncePerRequestFilter.doFilter(OncePerRequestFilter.java:107)
	at org.apache.catalina.core.ApplicationFilterChain.internalDoFilter(ApplicationFilterChain.java:193)
	at org.apache.catalina.core.ApplicationFilterChain.doFilter(ApplicationFilterChain.java:166)
	at org.apache.catalina.core.StandardWrapperValve.invoke(StandardWrapperValve.java:200)
	at org.apache.catalina.core.StandardContextValve.invoke(StandardContextValve.java:96)
	at org.apache.catalina.authenticator.AuthenticatorBase.invoke(AuthenticatorBase.java:490)
	at org.apache.catalina.core.StandardHostValve.invoke(StandardHostValve.java:139)
	at org.apache.catalina.valves.ErrorReportValve.invoke(ErrorReportValve.java:92)
	at org.apache.catalina.core.StandardEngineValve.invoke(StandardEngineValve.java:74)
	at org.apache.catalina.connector.CoyoteAdapter.service(CoyoteAdapter.java:343)
	at org.apache.coyote.http11.Http11Processor.service(Http11Processor.java:408)
	at org.apache.coyote.AbstractProcessorLight.process(AbstractProcessorLight.java:66)
	at org.apache.coyote.AbstractProtocol$ConnectionHandler.process(AbstractProtocol.java:834)
	at org.apache.tomcat.util.net.NioEndpoint$SocketProcessor.doRun(NioEndpoint.java:1415)
	at org.apache.tomcat.util.net.SocketProcessorBase.run(SocketProcessorBase.java:49)
	at java.util.concurrent.ThreadPoolExecutor.runWorker(ThreadPoolExecutor.java:1149)
	at java.util.concurrent.ThreadPoolExecutor$Worker.run(ThreadPoolExecutor.java:624)
	at org.apache.tomcat.util.threads.TaskThread$WrappingRunnable.run(TaskThread.java:61)
	at java.lang.Thread.run(Thread.java:748)
Caused by: java.lang.NullPointerException: null
	at com.zengtengpeng.ui.servlet.AutoCodeUiServlet.service(AutoCodeUiServlet.java:58)
	... 47 common frames omitted
[2019-03-30 08:18:52] [ERROR] [org.apache.catalina.core.ContainerBase.[Tomcat].[localhost].[/].[dispatcherServlet]:175] -- Servlet.service() for servlet [dispatcherServlet] in context with path [] threw exception [Request processing failed; nested exception is java.lang.RuntimeException: java.lang.NullPointerException] with root cause
java.lang.NullPointerException: null
	at com.zengtengpeng.ui.utils.RequestUtils.lambda$packBeanColumn$0(RequestUtils.java:20)
	at java.util.ArrayList.forEach(ArrayList.java:1257)
	at com.zengtengpeng.ui.utils.RequestUtils.packBeanColumn(RequestUtils.java:13)
	at com.zengtengpeng.ui.controller.RelationController.buildSimple(RelationController.java:112)
	at com.zengtengpeng.ui.controller.RelationController.buildOneToMany(RelationController.java:69)
	at sun.reflect.NativeMethodAccessorImpl.invoke0(Native Method)
	at sun.reflect.NativeMethodAccessorImpl.invoke(NativeMethodAccessorImpl.java:62)
	at sun.reflect.DelegatingMethodAccessorImpl.invoke(DelegatingMethodAccessorImpl.java:43)
	at java.lang.reflect.Method.invoke(Method.java:498)
	at org.springframework.web.method.support.InvocableHandlerMethod.doInvoke(InvocableHandlerMethod.java:189)
	at org.springframework.web.method.support.InvocableHandlerMethod.invokeForRequest(InvocableHandlerMethod.java:138)
	at org.springframework.web.servlet.mvc.method.annotation.ServletInvocableHandlerMethod.invokeAndHandle(ServletInvocableHandlerMethod.java:102)
	at org.springframework.web.servlet.mvc.method.annotation.RequestMappingHandlerAdapter.invokeHandlerMethod(RequestMappingHandlerAdapter.java:895)
	at org.springframework.web.servlet.mvc.method.annotation.RequestMappingHandlerAdapter.handleInternal(RequestMappingHandlerAdapter.java:800)
	at org.springframework.web.servlet.mvc.method.AbstractHandlerMethodAdapter.handle(AbstractHandlerMethodAdapter.java:87)
	at org.springframework.web.servlet.DispatcherServlet.doDispatch(DispatcherServlet.java:1038)
	at org.springframework.web.servlet.DispatcherServlet.doService(DispatcherServlet.java:942)
	at org.springframework.web.servlet.FrameworkServlet.processRequest(FrameworkServlet.java:1005)
	at org.springframework.web.servlet.FrameworkServlet.doPost(FrameworkServlet.java:908)
	at javax.servlet.http.HttpServlet.service(HttpServlet.java:660)
	at org.springframework.web.servlet.FrameworkServlet.service(FrameworkServlet.java:882)
	at javax.servlet.http.HttpServlet.service(HttpServlet.java:741)
	at org.apache.catalina.core.ApplicationFilterChain.internalDoFilter(ApplicationFilterChain.java:231)
	at org.apache.catalina.core.ApplicationFilterChain.doFilter(ApplicationFilterChain.java:166)
	at org.apache.tomcat.websocket.server.WsFilter.doFilter(WsFilter.java:53)
	at org.apache.catalina.core.ApplicationFilterChain.internalDoFilter(ApplicationFilterChain.java:193)
	at org.apache.catalina.core.ApplicationFilterChain.doFilter(ApplicationFilterChain.java:166)
	at org.springframework.boot.actuate.web.trace.servlet.HttpTraceFilter.doFilterInternal(HttpTraceFilter.java:90)
	at org.springframework.web.filter.OncePerRequestFilter.doFilter(OncePerRequestFilter.java:107)
	at org.apache.catalina.core.ApplicationFilterChain.internalDoFilter(ApplicationFilterChain.java:193)
	at org.apache.catalina.core.ApplicationFilterChain.doFilter(ApplicationFilterChain.java:166)
	at org.springframework.web.filter.RequestContextFilter.doFilterInternal(RequestContextFilter.java:99)
	at org.springframework.web.filter.OncePerRequestFilter.doFilter(OncePerRequestFilter.java:107)
	at org.apache.catalina.core.ApplicationFilterChain.internalDoFilter(ApplicationFilterChain.java:193)
	at org.apache.catalina.core.ApplicationFilterChain.doFilter(ApplicationFilterChain.java:166)
	at org.springframework.web.filter.FormContentFilter.doFilterInternal(FormContentFilter.java:92)
	at org.springframework.web.filter.OncePerRequestFilter.doFilter(OncePerRequestFilter.java:107)
	at org.apache.catalina.core.ApplicationFilterChain.internalDoFilter(ApplicationFilterChain.java:193)
	at org.apache.catalina.core.ApplicationFilterChain.doFilter(ApplicationFilterChain.java:166)
	at org.springframework.web.filter.HiddenHttpMethodFilter.doFilterInternal(HiddenHttpMethodFilter.java:93)
	at org.springframework.web.filter.OncePerRequestFilter.doFilter(OncePerRequestFilter.java:107)
	at org.apache.catalina.core.ApplicationFilterChain.internalDoFilter(ApplicationFilterChain.java:193)
	at org.apache.catalina.core.ApplicationFilterChain.doFilter(ApplicationFilterChain.java:166)
	at org.springframework.boot.actuate.metrics.web.servlet.WebMvcMetricsFilter.filterAndRecordMetrics(WebMvcMetricsFilter.java:117)
	at org.springframework.boot.actuate.metrics.web.servlet.WebMvcMetricsFilter.doFilterInternal(WebMvcMetricsFilter.java:106)
	at org.springframework.web.filter.OncePerRequestFilter.doFilter(OncePerRequestFilter.java:107)
	at org.apache.catalina.core.ApplicationFilterChain.internalDoFilter(ApplicationFilterChain.java:193)
	at org.apache.catalina.core.ApplicationFilterChain.doFilter(ApplicationFilterChain.java:166)
	at org.springframework.web.filter.CharacterEncodingFilter.doFilterInternal(CharacterEncodingFilter.java:200)
	at org.springframework.web.filter.OncePerRequestFilter.doFilter(OncePerRequestFilter.java:107)
	at org.apache.catalina.core.ApplicationFilterChain.internalDoFilter(ApplicationFilterChain.java:193)
	at org.apache.catalina.core.ApplicationFilterChain.doFilter(ApplicationFilterChain.java:166)
	at org.apache.catalina.core.StandardWrapperValve.invoke(StandardWrapperValve.java:200)
	at org.apache.catalina.core.StandardContextValve.invoke(StandardContextValve.java:96)
	at org.apache.catalina.authenticator.AuthenticatorBase.invoke(AuthenticatorBase.java:490)
	at org.apache.catalina.core.StandardHostValve.invoke(StandardHostValve.java:139)
	at org.apache.catalina.valves.ErrorReportValve.invoke(ErrorReportValve.java:92)
	at org.apache.catalina.core.StandardEngineValve.invoke(StandardEngineValve.java:74)
	at org.apache.catalina.connector.CoyoteAdapter.service(CoyoteAdapter.java:343)
	at org.apache.coyote.http11.Http11Processor.service(Http11Processor.java:408)
	at org.apache.coyote.AbstractProcessorLight.process(AbstractProcessorLight.java:66)
	at org.apache.coyote.AbstractProtocol$ConnectionHandler.process(AbstractProtocol.java:834)
	at org.apache.tomcat.util.net.NioEndpoint$SocketProcessor.doRun(NioEndpoint.java:1415)
	at org.apache.tomcat.util.net.SocketProcessorBase.run(SocketProcessorBase.java:49)
	at java.util.concurrent.ThreadPoolExecutor.runWorker(ThreadPoolExecutor.java:1149)
	at java.util.concurrent.ThreadPoolExecutor$Worker.run(ThreadPoolExecutor.java:624)
	at org.apache.tomcat.util.threads.TaskThread$WrappingRunnable.run(TaskThread.java:61)
	at java.lang.Thread.run(Thread.java:748)
